[debug] [2021-10-06T20:46:52.860Z] ----------------------------------------------------------------------
[debug] [2021-10-06T20:46:52.862Z] Command:       /usr/local/bin/node /usr/local/bin/firebase deploy
[debug] [2021-10-06T20:46:52.862Z] CLI Version:   9.19.0
[debug] [2021-10-06T20:46:52.862Z] Platform:      darwin
[debug] [2021-10-06T20:46:52.863Z] Node Version:  v16.6.2
[debug] [2021-10-06T20:46:52.863Z] Time:          Wed Oct 06 2021 15:46:52 GMT-0500 (Central Daylight Time)
[debug] [2021-10-06T20:46:52.863Z] ----------------------------------------------------------------------
[debug] 
[debug] [2021-10-06T20:46:52.916Z] > command requires scopes: ["email","openid","https://www.googleapis.com/auth/cloudplatformprojects.readonly","https://www.googleapis.com/auth/firebase","https://www.googleapis.com/auth/cloud-platform"]
[debug] [2021-10-06T20:46:52.916Z] > authorizing via signed-in user (kenqg521@gmail.com)
[debug] [2021-10-06T20:46:52.916Z] [iam] checking project cloud-walker-c72ce for permissions ["firebase.projects.get","firebasehosting.sites.update"]
[debug] [2021-10-06T20:46:52.918Z] > refreshing access token with scopes: ["email","https://www.googleapis.com/auth/cloud-platform","https://www.googleapis.com/auth/cloudplatformprojects.readonly","https://www.googleapis.com/auth/firebase","openid"]
[debug] [2021-10-06T20:46:52.918Z] >>> HTTP REQUEST POST https://www.googleapis.com/oauth2/v3/token  
 <request body omitted>
[debug] [2021-10-06T20:46:53.369Z] <<< HTTP RESPONSE 200 {"expires":"Mon, 01 Jan 1990 00:00:00 GMT","date":"Wed, 06 Oct 2021 20:46:53 GMT","pragma":"no-cache","cache-control":"no-cache, no-store, max-age=0, must-revalidate","content-type":"application/json; charset=utf-8","vary":"X-Origin, Referer, Origin,Accept-Encoding","server":"scaffolding on HTTPServer2","x-xss-protection":"0","x-frame-options":"SAMEORIGIN","x-content-type-options":"nosniff","alt-svc":"h3=\":443\"; ma=2592000,h3-29=\":443\"; ma=2592000,h3-T051=\":443\"; ma=2592000,h3-Q050=\":443\"; ma=2592000,h3-Q046=\":443\"; ma=2592000,h3-Q043=\":443\"; ma=2592000,quic=\":443\"; ma=2592000; v=\"46,43\"","accept-ranges":"none","transfer-encoding":"chunked"}
[debug] [2021-10-06T20:46:53.388Z] >>> HTTP REQUEST POST https://cloudresourcemanager.googleapis.com/v1/projects/cloud-walker-c72ce:testIamPermissions  
 {"permissions":["firebase.projects.get","firebasehosting.sites.update"]}
[debug] [2021-10-06T20:46:53.763Z] <<< HTTP RESPONSE 200 {"content-type":"application/json; charset=UTF-8","vary":"X-Origin, Referer, Origin,Accept-Encoding","date":"Wed, 06 Oct 2021 20:46:53 GMT","server":"ESF","cache-control":"private","x-xss-protection":"0","x-frame-options":"SAMEORIGIN","x-content-type-options":"nosniff","server-timing":"gfet4t7; dur=36","alt-svc":"h3=\":443\"; ma=2592000,h3-29=\":443\"; ma=2592000,h3-T051=\":443\"; ma=2592000,h3-Q050=\":443\"; ma=2592000,h3-Q046=\":443\"; ma=2592000,h3-Q043=\":443\"; ma=2592000,quic=\":443\"; ma=2592000; v=\"46,43\"","accept-ranges":"none","transfer-encoding":"chunked"}
[debug] [2021-10-06T20:46:53.764Z] > refreshing access token with scopes: []
[debug] [2021-10-06T20:46:53.765Z] >>> HTTP REQUEST POST https://www.googleapis.com/oauth2/v3/token  
 <request body omitted>
[debug] [2021-10-06T20:46:53.883Z] <<< HTTP RESPONSE 200 {"date":"Wed, 06 Oct 2021 20:46:53 GMT","pragma":"no-cache","cache-control":"no-cache, no-store, max-age=0, must-revalidate","expires":"Mon, 01 Jan 1990 00:00:00 GMT","content-type":"application/json; charset=utf-8","vary":"X-Origin, Referer, Origin,Accept-Encoding","server":"scaffolding on HTTPServer2","x-xss-protection":"0","x-frame-options":"SAMEORIGIN","x-content-type-options":"nosniff","alt-svc":"h3=\":443\"; ma=2592000,h3-29=\":443\"; ma=2592000,h3-T051=\":443\"; ma=2592000,h3-Q050=\":443\"; ma=2592000,h3-Q046=\":443\"; ma=2592000,h3-Q043=\":443\"; ma=2592000,quic=\":443\"; ma=2592000; v=\"46,43\"","accept-ranges":"none","transfer-encoding":"chunked"}
[debug] [2021-10-06T20:46:53.901Z] >>> [apiv2][query] GET https://firebase.googleapis.com/v1beta1/projects/cloud-walker-c72ce [none]
[debug] [2021-10-06T20:46:54.292Z] <<< [apiv2][status] GET https://firebase.googleapis.com/v1beta1/projects/cloud-walker-c72ce 200
[debug] [2021-10-06T20:46:54.292Z] <<< [apiv2][body] GET https://firebase.googleapis.com/v1beta1/projects/cloud-walker-c72ce {"projectId":"cloud-walker-c72ce","projectNumber":"1052972835713","displayName":"cloud-walker","name":"projects/cloud-walker-c72ce","resources":{"hostingSite":"cloud-walker-c72ce","realtimeDatabaseInstance":"cloud-walker-c72ce-default-rtdb","storageBucket":"cloud-walker-c72ce.appspot.com","locationId":"us-central"},"state":"ACTIVE"}
[info] 
[info] === Deploying to 'cloud-walker-c72ce'...
[info] 
[info] i  deploying hosting 
[debug] [2021-10-06T20:46:54.295Z] > refreshing access token with scopes: ["email","https://www.googleapis.com/auth/cloud-platform","https://www.googleapis.com/auth/cloudplatformprojects.readonly","https://www.googleapis.com/auth/firebase","openid"]
[debug] [2021-10-06T20:46:54.295Z] >>> HTTP REQUEST POST https://www.googleapis.com/oauth2/v3/token  
 <request body omitted>
[debug] [2021-10-06T20:46:54.395Z] <<< HTTP RESPONSE 200 {"date":"Wed, 06 Oct 2021 20:46:54 GMT","cache-control":"no-cache, no-store, max-age=0, must-revalidate","pragma":"no-cache","expires":"Mon, 01 Jan 1990 00:00:00 GMT","content-type":"application/json; charset=utf-8","vary":"X-Origin, Referer, Origin,Accept-Encoding","server":"scaffolding on HTTPServer2","x-xss-protection":"0","x-frame-options":"SAMEORIGIN","x-content-type-options":"nosniff","alt-svc":"h3=\":443\"; ma=2592000,h3-29=\":443\"; ma=2592000,h3-T051=\":443\"; ma=2592000,h3-Q050=\":443\"; ma=2592000,h3-Q046=\":443\"; ma=2592000,h3-Q043=\":443\"; ma=2592000,quic=\":443\"; ma=2592000; v=\"46,43\"","accept-ranges":"none","transfer-encoding":"chunked"}
[debug] [2021-10-06T20:46:54.409Z] >>> HTTP REQUEST POST https://firebasehosting.googleapis.com/v1beta1/sites/cloud-walker-c72ce/versions  
 {"config":{"rewrites":[{"glob":"**","path":"/index.html"}]},"labels":{"deployment-tool":"cli-firebase"}}
[debug] [2021-10-06T20:46:54.811Z] <<< HTTP RESPONSE 500 {"vary":"X-Origin, Referer, Origin,Accept-Encoding","content-type":"application/json; charset=UTF-8","date":"Wed, 06 Oct 2021 20:46:54 GMT","server":"ESF","cache-control":"private","x-xss-protection":"0","x-frame-options":"SAMEORIGIN","x-content-type-options":"nosniff","alt-svc":"h3=\":443\"; ma=2592000,h3-29=\":443\"; ma=2592000,h3-T051=\":443\"; ma=2592000,h3-Q050=\":443\"; ma=2592000,h3-Q046=\":443\"; ma=2592000,h3-Q043=\":443\"; ma=2592000,quic=\":443\"; ma=2592000; v=\"46,43\"","accept-ranges":"none","transfer-encoding":"chunked"}
[debug] [2021-10-06T20:46:54.811Z] <<< HTTP RESPONSE BODY {"error":{"code":500,"message":"Internal error encountered.","status":"INTERNAL"}}
[error] 
[error] Error: HTTP Error: 500, Internal error encountered.
[debug] [2021-10-06T20:46:54.927Z] Error Context: {
  "body": {
    "error": {
      "code": 500,
      "message": "Internal error encountered.",
      "status": "INTERNAL"
    }
  },
  "response": {
    "statusCode": 500,
    "body": {
      "error": {
        "code": 500,
        "message": "Internal error encountered.",
        "status": "INTERNAL"
      }
    },
    "headers": {
      "vary": "X-Origin, Referer, Origin,Accept-Encoding",
      "content-type": "application/json; charset=UTF-8",
      "date": "Wed, 06 Oct 2021 20:46:54 GMT",
      "server": "ESF",
      "cache-control": "private",
      "x-xss-protection": "0",
      "x-frame-options": "SAMEORIGIN",
      "x-content-type-options": "nosniff",
      "alt-svc": "h3=\":443\"; ma=2592000,h3-29=\":443\"; ma=2592000,h3-T051=\":443\"; ma=2592000,h3-Q050=\":443\"; ma=2592000,h3-Q046=\":443\"; ma=2592000,h3-Q043=\":443\"; ma=2592000,quic=\":443\"; ma=2592000; v=\"46,43\"",
      "accept-ranges": "none",
      "transfer-encoding": "chunked"
    },
    "request": {
      "uri": {
        "protocol": "https:",
        "slashes": true,
        "auth": null,
        "host": "firebasehosting.googleapis.com",
        "port": 443,
        "hostname": "firebasehosting.googleapis.com",
        "hash": null,
        "search": null,
        "query": null,
        "pathname": "/v1beta1/sites/cloud-walker-c72ce/versions",
        "path": "/v1beta1/sites/cloud-walker-c72ce/versions",
        "href": "https://firebasehosting.googleapis.com/v1beta1/sites/cloud-walker-c72ce/versions"
      },
      "method": "POST"
    }
  }
}
[debug] [2021-10-06T20:47:05.500Z] ----------------------------------------------------------------------
[debug] [2021-10-06T20:47:05.501Z] Command:       /usr/local/bin/node /usr/local/bin/firebase deploy
[debug] [2021-10-06T20:47:05.502Z] CLI Version:   9.19.0
[debug] [2021-10-06T20:47:05.502Z] Platform:      darwin
[debug] [2021-10-06T20:47:05.502Z] Node Version:  v16.6.2
[debug] [2021-10-06T20:47:05.503Z] Time:          Wed Oct 06 2021 15:47:05 GMT-0500 (Central Daylight Time)
[debug] [2021-10-06T20:47:05.503Z] ----------------------------------------------------------------------
[debug] 
[debug] [2021-10-06T20:47:05.549Z] > command requires scopes: ["email","openid","https://www.googleapis.com/auth/cloudplatformprojects.readonly","https://www.googleapis.com/auth/firebase","https://www.googleapis.com/auth/cloud-platform"]
[debug] [2021-10-06T20:47:05.549Z] > authorizing via signed-in user (kenqg521@gmail.com)
[debug] [2021-10-06T20:47:05.550Z] [iam] checking project cloud-walker-c72ce for permissions ["firebase.projects.get","firebasehosting.sites.update"]
[debug] [2021-10-06T20:47:05.551Z] >>> HTTP REQUEST POST https://cloudresourcemanager.googleapis.com/v1/projects/cloud-walker-c72ce:testIamPermissions  
 {"permissions":["firebase.projects.get","firebasehosting.sites.update"]}
[debug] [2021-10-06T20:47:05.754Z] <<< HTTP RESPONSE 200 {"content-type":"application/json; charset=UTF-8","vary":"X-Origin, Referer, Origin,Accept-Encoding","date":"Wed, 06 Oct 2021 20:47:05 GMT","server":"ESF","cache-control":"private","x-xss-protection":"0","x-frame-options":"SAMEORIGIN","x-content-type-options":"nosniff","server-timing":"gfet4t7; dur=36","alt-svc":"h3=\":443\"; ma=2592000,h3-29=\":443\"; ma=2592000,h3-T051=\":443\"; ma=2592000,h3-Q050=\":443\"; ma=2592000,h3-Q046=\":443\"; ma=2592000,h3-Q043=\":443\"; ma=2592000,quic=\":443\"; ma=2592000; v=\"46,43\"","accept-ranges":"none","transfer-encoding":"chunked"}
[debug] [2021-10-06T20:47:05.757Z] > refreshing access token with scopes: []
[debug] [2021-10-06T20:47:05.757Z] >>> HTTP REQUEST POST https://www.googleapis.com/oauth2/v3/token  
 <request body omitted>
[debug] [2021-10-06T20:47:05.879Z] <<< HTTP RESPONSE 200 {"date":"Wed, 06 Oct 2021 20:47:05 GMT","pragma":"no-cache","cache-control":"no-cache, no-store, max-age=0, must-revalidate","expires":"Mon, 01 Jan 1990 00:00:00 GMT","content-type":"application/json; charset=utf-8","vary":"X-Origin, Referer, Origin,Accept-Encoding","server":"scaffolding on HTTPServer2","x-xss-protection":"0","x-frame-options":"SAMEORIGIN","x-content-type-options":"nosniff","alt-svc":"h3=\":443\"; ma=2592000,h3-29=\":443\"; ma=2592000,h3-T051=\":443\"; ma=2592000,h3-Q050=\":443\"; ma=2592000,h3-Q046=\":443\"; ma=2592000,h3-Q043=\":443\"; ma=2592000,quic=\":443\"; ma=2592000; v=\"46,43\"","accept-ranges":"none","transfer-encoding":"chunked"}
[debug] [2021-10-06T20:47:05.897Z] >>> [apiv2][query] GET https://firebase.googleapis.com/v1beta1/projects/cloud-walker-c72ce [none]
[debug] [2021-10-06T20:47:06.351Z] <<< [apiv2][status] GET https://firebase.googleapis.com/v1beta1/projects/cloud-walker-c72ce 200
[debug] [2021-10-06T20:47:06.352Z] <<< [apiv2][body] GET https://firebase.googleapis.com/v1beta1/projects/cloud-walker-c72ce {"projectId":"cloud-walker-c72ce","projectNumber":"1052972835713","displayName":"cloud-walker","name":"projects/cloud-walker-c72ce","resources":{"hostingSite":"cloud-walker-c72ce","realtimeDatabaseInstance":"cloud-walker-c72ce-default-rtdb","storageBucket":"cloud-walker-c72ce.appspot.com","locationId":"us-central"},"state":"ACTIVE"}
[info] 
[info] === Deploying to 'cloud-walker-c72ce'...
[info] 
[info] i  deploying hosting 
[debug] [2021-10-06T20:47:06.355Z] > refreshing access token with scopes: ["email","https://www.googleapis.com/auth/cloud-platform","https://www.googleapis.com/auth/cloudplatformprojects.readonly","https://www.googleapis.com/auth/firebase","openid"]
[debug] [2021-10-06T20:47:06.355Z] >>> HTTP REQUEST POST https://www.googleapis.com/oauth2/v3/token  
 <request body omitted>
[debug] [2021-10-06T20:47:06.489Z] <<< HTTP RESPONSE 200 {"expires":"Mon, 01 Jan 1990 00:00:00 GMT","cache-control":"no-cache, no-store, max-age=0, must-revalidate","date":"Wed, 06 Oct 2021 20:47:06 GMT","pragma":"no-cache","content-type":"application/json; charset=utf-8","vary":"X-Origin, Referer, Origin,Accept-Encoding","server":"scaffolding on HTTPServer2","x-xss-protection":"0","x-frame-options":"SAMEORIGIN","x-content-type-options":"nosniff","alt-svc":"h3=\":443\"; ma=2592000,h3-29=\":443\"; ma=2592000,h3-T051=\":443\"; ma=2592000,h3-Q050=\":443\"; ma=2592000,h3-Q046=\":443\"; ma=2592000,h3-Q043=\":443\"; ma=2592000,quic=\":443\"; ma=2592000; v=\"46,43\"","accept-ranges":"none","transfer-encoding":"chunked"}
[debug] [2021-10-06T20:47:06.507Z] >>> HTTP REQUEST POST https://firebasehosting.googleapis.com/v1beta1/sites/cloud-walker-c72ce/versions  
 {"config":{"rewrites":[{"glob":"**","path":"/index.html"}]},"labels":{"deployment-tool":"cli-firebase"}}
[debug] [2021-10-06T20:47:06.743Z] <<< HTTP RESPONSE 500 {"vary":"X-Origin, Referer, Origin,Accept-Encoding","content-type":"application/json; charset=UTF-8","date":"Wed, 06 Oct 2021 20:47:06 GMT","server":"ESF","cache-control":"private","x-xss-protection":"0","x-frame-options":"SAMEORIGIN","x-content-type-options":"nosniff","alt-svc":"h3=\":443\"; ma=2592000,h3-29=\":443\"; ma=2592000,h3-T051=\":443\"; ma=2592000,h3-Q050=\":443\"; ma=2592000,h3-Q046=\":443\"; ma=2592000,h3-Q043=\":443\"; ma=2592000,quic=\":443\"; ma=2592000; v=\"46,43\"","accept-ranges":"none","transfer-encoding":"chunked"}
[debug] [2021-10-06T20:47:06.744Z] <<< HTTP RESPONSE BODY {"error":{"code":500,"message":"Internal error encountered.","status":"INTERNAL"}}
[error] 
[error] Error: HTTP Error: 500, Internal error encountered.
[debug] [2021-10-06T20:47:06.870Z] Error Context: {
  "body": {
    "error": {
      "code": 500,
      "message": "Internal error encountered.",
      "status": "INTERNAL"
    }
  },
  "response": {
    "statusCode": 500,
    "body": {
      "error": {
        "code": 500,
        "message": "Internal error encountered.",
        "status": "INTERNAL"
      }
    },
    "headers": {
      "vary": "X-Origin, Referer, Origin,Accept-Encoding",
      "content-type": "application/json; charset=UTF-8",
      "date": "Wed, 06 Oct 2021 20:47:06 GMT",
      "server": "ESF",
      "cache-control": "private",
      "x-xss-protection": "0",
      "x-frame-options": "SAMEORIGIN",
      "x-content-type-options": "nosniff",
      "alt-svc": "h3=\":443\"; ma=2592000,h3-29=\":443\"; ma=2592000,h3-T051=\":443\"; ma=2592000,h3-Q050=\":443\"; ma=2592000,h3-Q046=\":443\"; ma=2592000,h3-Q043=\":443\"; ma=2592000,quic=\":443\"; ma=2592000; v=\"46,43\"",
      "accept-ranges": "none",
      "transfer-encoding": "chunked"
    },
    "request": {
      "uri": {
        "protocol": "https:",
        "slashes": true,
        "auth": null,
        "host": "firebasehosting.googleapis.com",
        "port": 443,
        "hostname": "firebasehosting.googleapis.com",
        "hash": null,
        "search": null,
        "query": null,
        "pathname": "/v1beta1/sites/cloud-walker-c72ce/versions",
        "path": "/v1beta1/sites/cloud-walker-c72ce/versions",
        "href": "https://firebasehosting.googleapis.com/v1beta1/sites/cloud-walker-c72ce/versions"
      },
      "method": "POST"
    }
  }
}
[debug] [2021-10-06T20:51:08.344Z] ----------------------------------------------------------------------
[debug] [2021-10-06T20:51:08.345Z] Command:       /usr/local/bin/node /usr/local/bin/firebase deploy
[debug] [2021-10-06T20:51:08.346Z] CLI Version:   9.19.0
[debug] [2021-10-06T20:51:08.346Z] Platform:      darwin
[debug] [2021-10-06T20:51:08.346Z] Node Version:  v16.6.2
[debug] [2021-10-06T20:51:08.347Z] Time:          Wed Oct 06 2021 15:51:08 GMT-0500 (Central Daylight Time)
[debug] [2021-10-06T20:51:08.347Z] ----------------------------------------------------------------------
[debug] 
[debug] [2021-10-06T20:51:08.395Z] > command requires scopes: ["email","openid","https://www.googleapis.com/auth/cloudplatformprojects.readonly","https://www.googleapis.com/auth/firebase","https://www.googleapis.com/auth/cloud-platform"]
[debug] [2021-10-06T20:51:08.395Z] > authorizing via signed-in user (kenqg521@gmail.com)
[debug] [2021-10-06T20:51:08.395Z] [iam] checking project cloud-walker-c72ce for permissions ["firebase.projects.get","firebasehosting.sites.update"]
[debug] [2021-10-06T20:51:08.397Z] >>> HTTP REQUEST POST https://cloudresourcemanager.googleapis.com/v1/projects/cloud-walker-c72ce:testIamPermissions  
 {"permissions":["firebase.projects.get","firebasehosting.sites.update"]}
[debug] [2021-10-06T20:51:08.527Z] <<< HTTP RESPONSE 200 {"content-type":"application/json; charset=UTF-8","vary":"X-Origin, Referer, Origin,Accept-Encoding","date":"Wed, 06 Oct 2021 20:51:08 GMT","server":"ESF","cache-control":"private","x-xss-protection":"0","x-frame-options":"SAMEORIGIN","x-content-type-options":"nosniff","server-timing":"gfet4t7; dur=33","alt-svc":"h3=\":443\"; ma=2592000,h3-29=\":443\"; ma=2592000,h3-T051=\":443\"; ma=2592000,h3-Q050=\":443\"; ma=2592000,h3-Q046=\":443\"; ma=2592000,h3-Q043=\":443\"; ma=2592000,quic=\":443\"; ma=2592000; v=\"46,43\"","accept-ranges":"none","transfer-encoding":"chunked"}
[debug] [2021-10-06T20:51:08.529Z] > refreshing access token with scopes: []
[debug] [2021-10-06T20:51:08.530Z] >>> HTTP REQUEST POST https://www.googleapis.com/oauth2/v3/token  
 <request body omitted>
[debug] [2021-10-06T20:51:08.661Z] <<< HTTP RESPONSE 200 {"pragma":"no-cache","date":"Wed, 06 Oct 2021 20:51:08 GMT","expires":"Mon, 01 Jan 1990 00:00:00 GMT","cache-control":"no-cache, no-store, max-age=0, must-revalidate","content-type":"application/json; charset=utf-8","vary":"X-Origin, Referer, Origin,Accept-Encoding","server":"scaffolding on HTTPServer2","x-xss-protection":"0","x-frame-options":"SAMEORIGIN","x-content-type-options":"nosniff","alt-svc":"h3=\":443\"; ma=2592000,h3-29=\":443\"; ma=2592000,h3-T051=\":443\"; ma=2592000,h3-Q050=\":443\"; ma=2592000,h3-Q046=\":443\"; ma=2592000,h3-Q043=\":443\"; ma=2592000,quic=\":443\"; ma=2592000; v=\"46,43\"","accept-ranges":"none","transfer-encoding":"chunked"}
[debug] [2021-10-06T20:51:08.683Z] >>> [apiv2][query] GET https://firebase.googleapis.com/v1beta1/projects/cloud-walker-c72ce [none]
[debug] [2021-10-06T20:51:08.985Z] <<< [apiv2][status] GET https://firebase.googleapis.com/v1beta1/projects/cloud-walker-c72ce 200
[debug] [2021-10-06T20:51:08.985Z] <<< [apiv2][body] GET https://firebase.googleapis.com/v1beta1/projects/cloud-walker-c72ce {"projectId":"cloud-walker-c72ce","projectNumber":"1052972835713","displayName":"cloud-walker","name":"projects/cloud-walker-c72ce","resources":{"hostingSite":"cloud-walker-c72ce","realtimeDatabaseInstance":"cloud-walker-c72ce-default-rtdb","storageBucket":"cloud-walker-c72ce.appspot.com","locationId":"us-central"},"state":"ACTIVE"}
[info] 
[info] === Deploying to 'cloud-walker-c72ce'...
[info] 
[info] i  deploying hosting 
[debug] [2021-10-06T20:51:08.989Z] > refreshing access token with scopes: ["email","https://www.googleapis.com/auth/cloud-platform","https://www.googleapis.com/auth/cloudplatformprojects.readonly","https://www.googleapis.com/auth/firebase","openid"]
[debug] [2021-10-06T20:51:08.989Z] >>> HTTP REQUEST POST https://www.googleapis.com/oauth2/v3/token  
 <request body omitted>
[debug] [2021-10-06T20:51:09.093Z] <<< HTTP RESPONSE 200 {"pragma":"no-cache","expires":"Mon, 01 Jan 1990 00:00:00 GMT","cache-control":"no-cache, no-store, max-age=0, must-revalidate","date":"Wed, 06 Oct 2021 20:51:09 GMT","content-type":"application/json; charset=utf-8","vary":"X-Origin, Referer, Origin,Accept-Encoding","server":"scaffolding on HTTPServer2","x-xss-protection":"0","x-frame-options":"SAMEORIGIN","x-content-type-options":"nosniff","alt-svc":"h3=\":443\"; ma=2592000,h3-29=\":443\"; ma=2592000,h3-T051=\":443\"; ma=2592000,h3-Q050=\":443\"; ma=2592000,h3-Q046=\":443\"; ma=2592000,h3-Q043=\":443\"; ma=2592000,quic=\":443\"; ma=2592000; v=\"46,43\"","accept-ranges":"none","transfer-encoding":"chunked"}
[debug] [2021-10-06T20:51:09.108Z] >>> HTTP REQUEST POST https://firebasehosting.googleapis.com/v1beta1/sites/cloud-walker-c72ce/versions  
 {"config":{"rewrites":[{"glob":"**","path":"/index.html"}]},"labels":{"deployment-tool":"cli-firebase"}}
[debug] [2021-10-06T20:51:09.491Z] <<< HTTP RESPONSE 500 {"vary":"X-Origin, Referer, Origin,Accept-Encoding","content-type":"application/json; charset=UTF-8","date":"Wed, 06 Oct 2021 20:51:09 GMT","server":"ESF","cache-control":"private","x-xss-protection":"0","x-frame-options":"SAMEORIGIN","x-content-type-options":"nosniff","alt-svc":"h3=\":443\"; ma=2592000,h3-29=\":443\"; ma=2592000,h3-T051=\":443\"; ma=2592000,h3-Q050=\":443\"; ma=2592000,h3-Q046=\":443\"; ma=2592000,h3-Q043=\":443\"; ma=2592000,quic=\":443\"; ma=2592000; v=\"46,43\"","accept-ranges":"none","transfer-encoding":"chunked"}
[debug] [2021-10-06T20:51:09.491Z] <<< HTTP RESPONSE BODY {"error":{"code":500,"message":"Internal error encountered.","status":"INTERNAL"}}
[error] 
[error] Error: HTTP Error: 500, Internal error encountered.
[debug] [2021-10-06T20:51:09.619Z] Error Context: {
  "body": {
    "error": {
      "code": 500,
      "message": "Internal error encountered.",
      "status": "INTERNAL"
    }
  },
  "response": {
    "statusCode": 500,
    "body": {
      "error": {
        "code": 500,
        "message": "Internal error encountered.",
        "status": "INTERNAL"
      }
    },
    "headers": {
      "vary": "X-Origin, Referer, Origin,Accept-Encoding",
      "content-type": "application/json; charset=UTF-8",
      "date": "Wed, 06 Oct 2021 20:51:09 GMT",
      "server": "ESF",
      "cache-control": "private",
      "x-xss-protection": "0",
      "x-frame-options": "SAMEORIGIN",
      "x-content-type-options": "nosniff",
      "alt-svc": "h3=\":443\"; ma=2592000,h3-29=\":443\"; ma=2592000,h3-T051=\":443\"; ma=2592000,h3-Q050=\":443\"; ma=2592000,h3-Q046=\":443\"; ma=2592000,h3-Q043=\":443\"; ma=2592000,quic=\":443\"; ma=2592000; v=\"46,43\"",
      "accept-ranges": "none",
      "transfer-encoding": "chunked"
    },
    "request": {
      "uri": {
        "protocol": "https:",
        "slashes": true,
        "auth": null,
        "host": "firebasehosting.googleapis.com",
        "port": 443,
        "hostname": "firebasehosting.googleapis.com",
        "hash": null,
        "search": null,
        "query": null,
        "pathname": "/v1beta1/sites/cloud-walker-c72ce/versions",
        "path": "/v1beta1/sites/cloud-walker-c72ce/versions",
        "href": "https://firebasehosting.googleapis.com/v1beta1/sites/cloud-walker-c72ce/versions"
      },
      "method": "POST"
    }
  }
}
[debug] [2021-10-06T20:55:13.525Z] ----------------------------------------------------------------------
[debug] [2021-10-06T20:55:13.527Z] Command:       /usr/local/bin/node /usr/local/bin/firebase deploy
[debug] [2021-10-06T20:55:13.528Z] CLI Version:   9.19.0
[debug] [2021-10-06T20:55:13.528Z] Platform:      darwin
[debug] [2021-10-06T20:55:13.528Z] Node Version:  v16.6.2
[debug] [2021-10-06T20:55:13.528Z] Time:          Wed Oct 06 2021 15:55:13 GMT-0500 (Central Daylight Time)
[debug] [2021-10-06T20:55:13.529Z] ----------------------------------------------------------------------
[debug] 
[debug] [2021-10-06T20:55:13.589Z] > command requires scopes: ["email","openid","https://www.googleapis.com/auth/cloudplatformprojects.readonly","https://www.googleapis.com/auth/firebase","https://www.googleapis.com/auth/cloud-platform"]
[debug] [2021-10-06T20:55:13.589Z] > authorizing via signed-in user (kenqg521@gmail.com)
[debug] [2021-10-06T20:55:13.589Z] [iam] checking project cloud-walker-c72ce for permissions ["firebase.projects.get","firebasehosting.sites.update"]
[debug] [2021-10-06T20:55:13.591Z] >>> HTTP REQUEST POST https://cloudresourcemanager.googleapis.com/v1/projects/cloud-walker-c72ce:testIamPermissions  
 {"permissions":["firebase.projects.get","firebasehosting.sites.update"]}
[debug] [2021-10-06T20:55:13.776Z] <<< HTTP RESPONSE 200 {"content-type":"application/json; charset=UTF-8","vary":"X-Origin, Referer, Origin,Accept-Encoding","date":"Wed, 06 Oct 2021 20:55:13 GMT","server":"ESF","cache-control":"private","x-xss-protection":"0","x-frame-options":"SAMEORIGIN","x-content-type-options":"nosniff","server-timing":"gfet4t7; dur=43","alt-svc":"h3=\":443\"; ma=2592000,h3-29=\":443\"; ma=2592000,h3-T051=\":443\"; ma=2592000,h3-Q050=\":443\"; ma=2592000,h3-Q046=\":443\"; ma=2592000,h3-Q043=\":443\"; ma=2592000,quic=\":443\"; ma=2592000; v=\"46,43\"","accept-ranges":"none","transfer-encoding":"chunked"}
[debug] [2021-10-06T20:55:13.779Z] > refreshing access token with scopes: []
[debug] [2021-10-06T20:55:13.780Z] >>> HTTP REQUEST POST https://www.googleapis.com/oauth2/v3/token  
 <request body omitted>
[debug] [2021-10-06T20:55:13.911Z] <<< HTTP RESPONSE 200 {"cache-control":"no-cache, no-store, max-age=0, must-revalidate","expires":"Mon, 01 Jan 1990 00:00:00 GMT","date":"Wed, 06 Oct 2021 20:55:13 GMT","pragma":"no-cache","content-type":"application/json; charset=utf-8","vary":"X-Origin, Referer, Origin,Accept-Encoding","server":"scaffolding on HTTPServer2","x-xss-protection":"0","x-frame-options":"SAMEORIGIN","x-content-type-options":"nosniff","alt-svc":"h3=\":443\"; ma=2592000,h3-29=\":443\"; ma=2592000,h3-T051=\":443\"; ma=2592000,h3-Q050=\":443\"; ma=2592000,h3-Q046=\":443\"; ma=2592000,h3-Q043=\":443\"; ma=2592000,quic=\":443\"; ma=2592000; v=\"46,43\"","accept-ranges":"none","transfer-encoding":"chunked"}
[debug] [2021-10-06T20:55:13.935Z] >>> [apiv2][query] GET https://firebase.googleapis.com/v1beta1/projects/cloud-walker-c72ce [none]
[debug] [2021-10-06T20:55:14.238Z] <<< [apiv2][status] GET https://firebase.googleapis.com/v1beta1/projects/cloud-walker-c72ce 200
[debug] [2021-10-06T20:55:14.238Z] <<< [apiv2][body] GET https://firebase.googleapis.com/v1beta1/projects/cloud-walker-c72ce {"projectId":"cloud-walker-c72ce","projectNumber":"1052972835713","displayName":"cloud-walker","name":"projects/cloud-walker-c72ce","resources":{"hostingSite":"cloud-walker-c72ce","realtimeDatabaseInstance":"cloud-walker-c72ce-default-rtdb","storageBucket":"cloud-walker-c72ce.appspot.com","locationId":"us-central"},"state":"ACTIVE"}
[info] 
[info] === Deploying to 'cloud-walker-c72ce'...
[info] 
[info] i  deploying hosting 
[debug] [2021-10-06T20:55:14.242Z] > refreshing access token with scopes: ["email","https://www.googleapis.com/auth/cloud-platform","https://www.googleapis.com/auth/cloudplatformprojects.readonly","https://www.googleapis.com/auth/firebase","openid"]
[debug] [2021-10-06T20:55:14.242Z] >>> HTTP REQUEST POST https://www.googleapis.com/oauth2/v3/token  
 <request body omitted>
[debug] [2021-10-06T20:55:14.351Z] <<< HTTP RESPONSE 200 {"expires":"Mon, 01 Jan 1990 00:00:00 GMT","date":"Wed, 06 Oct 2021 20:55:14 GMT","cache-control":"no-cache, no-store, max-age=0, must-revalidate","pragma":"no-cache","content-type":"application/json; charset=utf-8","vary":"X-Origin, Referer, Origin,Accept-Encoding","server":"scaffolding on HTTPServer2","x-xss-protection":"0","x-frame-options":"SAMEORIGIN","x-content-type-options":"nosniff","alt-svc":"h3=\":443\"; ma=2592000,h3-29=\":443\"; ma=2592000,h3-T051=\":443\"; ma=2592000,h3-Q050=\":443\"; ma=2592000,h3-Q046=\":443\"; ma=2592000,h3-Q043=\":443\"; ma=2592000,quic=\":443\"; ma=2592000; v=\"46,43\"","accept-ranges":"none","transfer-encoding":"chunked"}
[debug] [2021-10-06T20:55:14.371Z] >>> HTTP REQUEST POST https://firebasehosting.googleapis.com/v1beta1/sites/cloud-walker-c72ce/versions  
 {"config":{"rewrites":[{"glob":"**","path":"/index.html"}]},"labels":{"deployment-tool":"cli-firebase"}}
[debug] [2021-10-06T20:55:14.643Z] <<< HTTP RESPONSE 500 {"vary":"X-Origin, Referer, Origin,Accept-Encoding","content-type":"application/json; charset=UTF-8","date":"Wed, 06 Oct 2021 20:55:14 GMT","server":"ESF","cache-control":"private","x-xss-protection":"0","x-frame-options":"SAMEORIGIN","x-content-type-options":"nosniff","alt-svc":"h3=\":443\"; ma=2592000,h3-29=\":443\"; ma=2592000,h3-T051=\":443\"; ma=2592000,h3-Q050=\":443\"; ma=2592000,h3-Q046=\":443\"; ma=2592000,h3-Q043=\":443\"; ma=2592000,quic=\":443\"; ma=2592000; v=\"46,43\"","accept-ranges":"none","transfer-encoding":"chunked"}
[debug] [2021-10-06T20:55:14.643Z] <<< HTTP RESPONSE BODY {"error":{"code":500,"message":"Internal error encountered.","status":"INTERNAL"}}
[error] 
[error] Error: HTTP Error: 500, Internal error encountered.
[debug] [2021-10-06T20:55:14.768Z] Error Context: {
  "body": {
    "error": {
      "code": 500,
      "message": "Internal error encountered.",
      "status": "INTERNAL"
    }
  },
  "response": {
    "statusCode": 500,
    "body": {
      "error": {
        "code": 500,
        "message": "Internal error encountered.",
        "status": "INTERNAL"
      }
    },
    "headers": {
      "vary": "X-Origin, Referer, Origin,Accept-Encoding",
      "content-type": "application/json; charset=UTF-8",
      "date": "Wed, 06 Oct 2021 20:55:14 GMT",
      "server": "ESF",
      "cache-control": "private",
      "x-xss-protection": "0",
      "x-frame-options": "SAMEORIGIN",
      "x-content-type-options": "nosniff",
      "alt-svc": "h3=\":443\"; ma=2592000,h3-29=\":443\"; ma=2592000,h3-T051=\":443\"; ma=2592000,h3-Q050=\":443\"; ma=2592000,h3-Q046=\":443\"; ma=2592000,h3-Q043=\":443\"; ma=2592000,quic=\":443\"; ma=2592000; v=\"46,43\"",
      "accept-ranges": "none",
      "transfer-encoding": "chunked"
    },
    "request": {
      "uri": {
        "protocol": "https:",
        "slashes": true,
        "auth": null,
        "host": "firebasehosting.googleapis.com",
        "port": 443,
        "hostname": "firebasehosting.googleapis.com",
        "hash": null,
        "search": null,
        "query": null,
        "pathname": "/v1beta1/sites/cloud-walker-c72ce/versions",
        "path": "/v1beta1/sites/cloud-walker-c72ce/versions",
        "href": "https://firebasehosting.googleapis.com/v1beta1/sites/cloud-walker-c72ce/versions"
      },
      "method": "POST"
    }
  }
}
[debug] [2021-10-06T21:00:06.825Z] ----------------------------------------------------------------------
[debug] [2021-10-06T21:00:06.827Z] Command:       /usr/local/bin/node /usr/local/bin/firebase deploy
[debug] [2021-10-06T21:00:06.827Z] CLI Version:   9.19.0
[debug] [2021-10-06T21:00:06.827Z] Platform:      darwin
[debug] [2021-10-06T21:00:06.827Z] Node Version:  v16.6.2
[debug] [2021-10-06T21:00:06.828Z] Time:          Wed Oct 06 2021 16:00:06 GMT-0500 (Central Daylight Time)
[debug] [2021-10-06T21:00:06.828Z] ----------------------------------------------------------------------
[debug] 
[debug] [2021-10-06T21:00:06.880Z] > command requires scopes: ["email","openid","https://www.googleapis.com/auth/cloudplatformprojects.readonly","https://www.googleapis.com/auth/firebase","https://www.googleapis.com/auth/cloud-platform"]
[debug] [2021-10-06T21:00:06.880Z] > authorizing via signed-in user (kenqg521@gmail.com)
[debug] [2021-10-06T21:00:06.880Z] [iam] checking project cloud-walker-c72ce for permissions ["firebase.projects.get","firebasehosting.sites.update"]
[debug] [2021-10-06T21:00:06.882Z] >>> HTTP REQUEST POST https://cloudresourcemanager.googleapis.com/v1/projects/cloud-walker-c72ce:testIamPermissions  
 {"permissions":["firebase.projects.get","firebasehosting.sites.update"]}
[debug] [2021-10-06T21:00:07.017Z] <<< HTTP RESPONSE 200 {"content-type":"application/json; charset=UTF-8","vary":"X-Origin, Referer, Origin,Accept-Encoding","date":"Wed, 06 Oct 2021 21:00:07 GMT","server":"ESF","cache-control":"private","x-xss-protection":"0","x-frame-options":"SAMEORIGIN","x-content-type-options":"nosniff","server-timing":"gfet4t7; dur=37","alt-svc":"h3=\":443\"; ma=2592000,h3-29=\":443\"; ma=2592000,h3-T051=\":443\"; ma=2592000,h3-Q050=\":443\"; ma=2592000,h3-Q046=\":443\"; ma=2592000,h3-Q043=\":443\"; ma=2592000,quic=\":443\"; ma=2592000; v=\"46,43\"","accept-ranges":"none","transfer-encoding":"chunked"}
[debug] [2021-10-06T21:00:07.020Z] > refreshing access token with scopes: []
[debug] [2021-10-06T21:00:07.020Z] >>> HTTP REQUEST POST https://www.googleapis.com/oauth2/v3/token  
 <request body omitted>
[debug] [2021-10-06T21:00:07.147Z] <<< HTTP RESPONSE 200 {"cache-control":"no-cache, no-store, max-age=0, must-revalidate","expires":"Mon, 01 Jan 1990 00:00:00 GMT","date":"Wed, 06 Oct 2021 21:00:07 GMT","pragma":"no-cache","content-type":"application/json; charset=utf-8","vary":"X-Origin, Referer, Origin,Accept-Encoding","server":"scaffolding on HTTPServer2","x-xss-protection":"0","x-frame-options":"SAMEORIGIN","x-content-type-options":"nosniff","alt-svc":"h3=\":443\"; ma=2592000,h3-29=\":443\"; ma=2592000,h3-T051=\":443\"; ma=2592000,h3-Q050=\":443\"; ma=2592000,h3-Q046=\":443\"; ma=2592000,h3-Q043=\":443\"; ma=2592000,quic=\":443\"; ma=2592000; v=\"46,43\"","accept-ranges":"none","transfer-encoding":"chunked"}
[debug] [2021-10-06T21:00:07.165Z] >>> [apiv2][query] GET https://firebase.googleapis.com/v1beta1/projects/cloud-walker-c72ce [none]
[debug] [2021-10-06T21:00:07.345Z] <<< [apiv2][status] GET https://firebase.googleapis.com/v1beta1/projects/cloud-walker-c72ce 200
[debug] [2021-10-06T21:00:07.345Z] <<< [apiv2][body] GET https://firebase.googleapis.com/v1beta1/projects/cloud-walker-c72ce {"projectId":"cloud-walker-c72ce","projectNumber":"1052972835713","displayName":"cloud-walker","name":"projects/cloud-walker-c72ce","resources":{"hostingSite":"cloud-walker-c72ce","realtimeDatabaseInstance":"cloud-walker-c72ce-default-rtdb","storageBucket":"cloud-walker-c72ce.appspot.com","locationId":"us-central"},"state":"ACTIVE"}
[info] 
[info] === Deploying to 'cloud-walker-c72ce'...
[info] 
[info] i  deploying hosting 
[debug] [2021-10-06T21:00:07.349Z] > refreshing access token with scopes: ["email","https://www.googleapis.com/auth/cloud-platform","https://www.googleapis.com/auth/cloudplatformprojects.readonly","https://www.googleapis.com/auth/firebase","openid"]
[debug] [2021-10-06T21:00:07.349Z] >>> HTTP REQUEST POST https://www.googleapis.com/oauth2/v3/token  
 <request body omitted>
[debug] [2021-10-06T21:00:07.449Z] <<< HTTP RESPONSE 200 {"cache-control":"no-cache, no-store, max-age=0, must-revalidate","date":"Wed, 06 Oct 2021 21:00:07 GMT","pragma":"no-cache","expires":"Mon, 01 Jan 1990 00:00:00 GMT","content-type":"application/json; charset=utf-8","vary":"X-Origin, Referer, Origin,Accept-Encoding","server":"scaffolding on HTTPServer2","x-xss-protection":"0","x-frame-options":"SAMEORIGIN","x-content-type-options":"nosniff","alt-svc":"h3=\":443\"; ma=2592000,h3-29=\":443\"; ma=2592000,h3-T051=\":443\"; ma=2592000,h3-Q050=\":443\"; ma=2592000,h3-Q046=\":443\"; ma=2592000,h3-Q043=\":443\"; ma=2592000,quic=\":443\"; ma=2592000; v=\"46,43\"","accept-ranges":"none","transfer-encoding":"chunked"}
[debug] [2021-10-06T21:00:07.468Z] >>> HTTP REQUEST POST https://firebasehosting.googleapis.com/v1beta1/sites/cloud-walker-c72ce/versions  
 {"config":{"rewrites":[{"glob":"**","path":"/index.html"}]},"labels":{"deployment-tool":"cli-firebase"}}
[debug] [2021-10-06T21:00:07.764Z] <<< HTTP RESPONSE 500 {"vary":"X-Origin, Referer, Origin,Accept-Encoding","content-type":"application/json; charset=UTF-8","date":"Wed, 06 Oct 2021 21:00:07 GMT","server":"ESF","cache-control":"private","x-xss-protection":"0","x-frame-options":"SAMEORIGIN","x-content-type-options":"nosniff","alt-svc":"h3=\":443\"; ma=2592000,h3-29=\":443\"; ma=2592000,h3-T051=\":443\"; ma=2592000,h3-Q050=\":443\"; ma=2592000,h3-Q046=\":443\"; ma=2592000,h3-Q043=\":443\"; ma=2592000,quic=\":443\"; ma=2592000; v=\"46,43\"","accept-ranges":"none","transfer-encoding":"chunked"}
[debug] [2021-10-06T21:00:07.765Z] <<< HTTP RESPONSE BODY {"error":{"code":500,"message":"Internal error encountered.","status":"INTERNAL"}}
[error] 
[error] Error: HTTP Error: 500, Internal error encountered.
[debug] [2021-10-06T21:00:07.893Z] Error Context: {
  "body": {
    "error": {
      "code": 500,
      "message": "Internal error encountered.",
      "status": "INTERNAL"
    }
  },
  "response": {
    "statusCode": 500,
    "body": {
      "error": {
        "code": 500,
        "message": "Internal error encountered.",
        "status": "INTERNAL"
      }
    },
    "headers": {
      "vary": "X-Origin, Referer, Origin,Accept-Encoding",
      "content-type": "application/json; charset=UTF-8",
      "date": "Wed, 06 Oct 2021 21:00:07 GMT",
      "server": "ESF",
      "cache-control": "private",
      "x-xss-protection": "0",
      "x-frame-options": "SAMEORIGIN",
      "x-content-type-options": "nosniff",
      "alt-svc": "h3=\":443\"; ma=2592000,h3-29=\":443\"; ma=2592000,h3-T051=\":443\"; ma=2592000,h3-Q050=\":443\"; ma=2592000,h3-Q046=\":443\"; ma=2592000,h3-Q043=\":443\"; ma=2592000,quic=\":443\"; ma=2592000; v=\"46,43\"",
      "accept-ranges": "none",
      "transfer-encoding": "chunked"
    },
    "request": {
      "uri": {
        "protocol": "https:",
        "slashes": true,
        "auth": null,
        "host": "firebasehosting.googleapis.com",
        "port": 443,
        "hostname": "firebasehosting.googleapis.com",
        "hash": null,
        "search": null,
        "query": null,
        "pathname": "/v1beta1/sites/cloud-walker-c72ce/versions",
        "path": "/v1beta1/sites/cloud-walker-c72ce/versions",
        "href": "https://firebasehosting.googleapis.com/v1beta1/sites/cloud-walker-c72ce/versions"
      },
      "method": "POST"
    }
  }
}
